<?xml version="1.0" encoding="UTF-8"?>
<!-- Generated by org.testng.reporters.JUnitReportReporter -->
<testsuite hostname="SunilKunwal" failures="0" tests="1" name="E_Commerse_Sele.SunilKunwal.tests.ErrorValidationsTest" time="3.079" errors="0" timestamp="2024-05-24T17:09:07 IST" skipped="0">
  <testcase classname="E_Commerse_Sele.SunilKunwal.tests.ErrorValidationsTest" name="LoginErrorValidations" time="3.079"/>
</testsuite> <!-- E_Commerse_Sele.SunilKunwal.tests.ErrorValidationsTest -->
