<?xml version="1.0" encoding="UTF-8"?>
<!-- Generated by org.testng.reporters.JUnitReportReporter -->
<testsuite hostname="SUNIL-LAPTOP" failures="0" tests="2" name="E_Commerse_Sele.SunilKunwal.tests.SubmitOrderTest" time="44.815" errors="0" timestamp="2024-05-29T00:30:09 IST" skipped="0">
  <testcase classname="E_Commerse_Sele.SunilKunwal.tests.SubmitOrderTest" name="submitOrder" time="19.519"/>
  <system-out/>
  <testcase classname="E_Commerse_Sele.SunilKunwal.tests.SubmitOrderTest" name="submitOrder" time="25.296"/>
  <system-out/>
</testsuite> <!-- E_Commerse_Sele.SunilKunwal.tests.SubmitOrderTest -->
