<?xml version="1.0" encoding="UTF-8"?>
<!-- Generated by org.testng.reporters.JUnitReportReporter -->
<testsuite hostname="SUNIL-LAPTOP" failures="0" tests="3" name="E_Commerse_Sele.SunilKunwal.tests.SubmitOrderTest" time="52.621" errors="0" timestamp="2024-05-30T01:30:05 IST" skipped="0">
  <testcase classname="E_Commerse_Sele.SunilKunwal.tests.SubmitOrderTest" name="submitOrder" time="24.147"/>
  <system-out/>
  <testcase classname="E_Commerse_Sele.SunilKunwal.tests.SubmitOrderTest" name="OrderHistoryTest" time="8.424"/>
  <system-out/>
  <testcase classname="E_Commerse_Sele.SunilKunwal.tests.SubmitOrderTest" name="submitOrder" time="20.050"/>
  <system-out/>
</testsuite> <!-- E_Commerse_Sele.SunilKunwal.tests.SubmitOrderTest -->
