<?xml version="1.0" encoding="UTF-8"?>
<!-- Generated by org.testng.reporters.JUnitReportReporter -->
<testsuite hostname="SunilKunwal" failures="0" tests="1" name="E_Commerse_Sele.SunilKunwal.tests.ErrorValidations" time="3.989" errors="0" timestamp="2024-05-22T19:11:40 IST" skipped="0">
  <testcase classname="E_Commerse_Sele.SunilKunwal.tests.ErrorValidations" name="submitOrder" time="3.989"/>
</testsuite> <!-- E_Commerse_Sele.SunilKunwal.tests.ErrorValidations -->
