<?xml version="1.0" encoding="UTF-8"?>
<!-- Generated by org.testng.reporters.JUnitReportReporter -->
<testsuite hostname="SunilKunwal" failures="0" tests="2" name="E_Commerse_Sele.SunilKunwal.tests.SubmitOrderTest" time="35.364" errors="0" timestamp="2024-05-24T18:25:22 IST" skipped="0">
  <testcase classname="E_Commerse_Sele.SunilKunwal.tests.SubmitOrderTest" name="submitOrder" time="18.776"/>
  <testcase classname="E_Commerse_Sele.SunilKunwal.tests.SubmitOrderTest" name="submitOrder" time="16.588"/>
</testsuite> <!-- E_Commerse_Sele.SunilKunwal.tests.SubmitOrderTest -->
