<?xml version="1.0" encoding="UTF-8"?>
<!-- Generated by org.testng.reporters.JUnitReportReporter -->
<testsuite hostname="SUNIL-LAPTOP" failures="0" tests="2" name="E_Commerse_Sele.SunilKunwal.tests.SubmitOrderTest" time="27.393" errors="0" timestamp="2024-05-24T01:45:49 IST" skipped="0">
  <testcase classname="E_Commerse_Sele.SunilKunwal.tests.SubmitOrderTest" name="submitOrder" time="19.929"/>
  <system-out/>
  <testcase classname="E_Commerse_Sele.SunilKunwal.tests.SubmitOrderTest" name="OrderHistoryTest" time="7.464"/>
  <system-out/>
</testsuite> <!-- E_Commerse_Sele.SunilKunwal.tests.SubmitOrderTest -->
