<?xml version="1.0" encoding="UTF-8"?>
<!-- Generated by org.testng.reporters.JUnitReportReporter -->
<testsuite hostname="SUNIL-LAPTOP" failures="0" tests="2" name="E_Commerse_Sele.SunilKunwal.tests.ErrorValidationsTest" time="31.319" errors="0" timestamp="2024-05-24T01:11:31 IST" skipped="0">
  <testcase classname="E_Commerse_Sele.SunilKunwal.tests.ErrorValidationsTest" name="LoginErrorValidations" time="7.793"/>
  <system-out/>
  <testcase classname="E_Commerse_Sele.SunilKunwal.tests.ErrorValidationsTest" name="ProductErrorValidations" time="23.526"/>
  <system-out/>
</testsuite> <!-- E_Commerse_Sele.SunilKunwal.tests.ErrorValidationsTest -->
