<?xml version="1.0" encoding="UTF-8"?>
<!-- Generated by org.testng.reporters.JUnitReportReporter -->
<testsuite hostname="SunilKunwal" failures="0" tests="3" name="E_Commerse_Sele.SunilKunwal.tests.SubmitOrderTest" time="42.065" errors="0" timestamp="2024-05-30T18:52:30 IST" skipped="0">
  <testcase classname="E_Commerse_Sele.SunilKunwal.tests.SubmitOrderTest" name="OrderHistoryTest" time="3.773"/>
  <testcase classname="E_Commerse_Sele.SunilKunwal.tests.SubmitOrderTest" name="submitOrder" time="19.688"/>
  <testcase classname="E_Commerse_Sele.SunilKunwal.tests.SubmitOrderTest" name="submitOrder" time="18.604"/>
</testsuite> <!-- E_Commerse_Sele.SunilKunwal.tests.SubmitOrderTest -->
