<?xml version="1.0" encoding="UTF-8"?>
<!-- Generated by org.testng.reporters.JUnitReportReporter -->
<<<<<<< HEAD
<testsuite hostname="SUNIL-LAPTOP" failures="0" tests="3" name="E_Commerse_Sele.SunilKunwal.tests.SubmitOrderTest" time="41.277" errors="0" timestamp="2024-05-30T17:12:24 IST" skipped="0">
  <testcase classname="E_Commerse_Sele.SunilKunwal.tests.SubmitOrderTest" name="submitOrder" time="11.393"/>
  <testcase classname="E_Commerse_Sele.SunilKunwal.tests.SubmitOrderTest" name="submitOrder" time="23.162"/>
  <testcase classname="E_Commerse_Sele.SunilKunwal.tests.SubmitOrderTest" name="OrderHistoryTest" time="6.722"/>
=======
<testsuite hostname="SunilKunwal" failures="0" tests="2" name="E_Commerse_Sele.SunilKunwal.tests.SubmitOrderTest" time="37.155" errors="0" timestamp="2024-05-31T12:04:41 IST" skipped="0">
  <testcase classname="E_Commerse_Sele.SunilKunwal.tests.SubmitOrderTest" name="submitOrder" time="18.001"/>
  <testcase classname="E_Commerse_Sele.SunilKunwal.tests.SubmitOrderTest" name="submitOrder" time="19.154"/>
>>>>>>> 5d8570cf7e05d247870abf5cf5949ffce53bcaf4
</testsuite> <!-- E_Commerse_Sele.SunilKunwal.tests.SubmitOrderTest -->
