<?xml version="1.0" encoding="UTF-8"?>
<!-- Generated by org.testng.reporters.JUnitReportReporter -->
<testsuite hostname="SUNIL-LAPTOP" failures="0" tests="3" name="E_Commerse_Sele.SunilKunwal.tests.SubmitOrderTest" time="41.277" errors="0" timestamp="2024-05-30T17:12:24 IST" skipped="0">
  <testcase classname="E_Commerse_Sele.SunilKunwal.tests.SubmitOrderTest" name="submitOrder" time="11.393"/>
  <testcase classname="E_Commerse_Sele.SunilKunwal.tests.SubmitOrderTest" name="submitOrder" time="23.162"/>
  <testcase classname="E_Commerse_Sele.SunilKunwal.tests.SubmitOrderTest" name="OrderHistoryTest" time="6.722"/>
</testsuite> <!-- E_Commerse_Sele.SunilKunwal.tests.SubmitOrderTest -->
