<?xml version="1.0" encoding="UTF-8"?>
<!-- Generated by org.testng.reporters.JUnitReportReporter -->
<testsuite hostname="SunilKunwal" failures="0" tests="2" name="E_Commerse_Sele.SunilKunwal.tests.ErrorValidationsTest" time="20.670" errors="0" timestamp="2024-05-30T18:52:30 IST" skipped="0">
  <testcase classname="E_Commerse_Sele.SunilKunwal.tests.ErrorValidationsTest" name="ProductErrorValidations" time="15.771"/>
  <testcase classname="E_Commerse_Sele.SunilKunwal.tests.ErrorValidationsTest" name="LoginErrorValidations" time="4.899"/>
</testsuite> <!-- E_Commerse_Sele.SunilKunwal.tests.ErrorValidationsTest -->
